[2025-12-26T19:19:54.868Z] > command requires scopes: ["email","openid","https://www.googleapis.com/auth/cloudplatformprojects.readonly","https://www.googleapis.com/auth/firebase","https://www.googleapis.com/auth/cloud-platform"]
[2025-12-26T19:19:54.870Z] > authorizing via signed-in user (chandlerjr6066@gmail.com)
[2025-12-26T19:19:54.871Z] [iam] checking project osool-6ff25 for permissions ["cloudfunctions.functions.create","cloudfunctions.functions.delete","cloudfunctions.functions.get","cloudfunctions.functions.list","cloudfunctions.functions.update","cloudfunctions.operations.get","firebase.projects.get","firebasehosting.sites.update"]
[2025-12-26T19:19:54.874Z] Checked if tokens are valid: true, expires at: 1766780252127
[2025-12-26T19:19:54.875Z] Checked if tokens are valid: true, expires at: 1766780252127
[2025-12-26T19:19:54.879Z] >>> [apiv2][query] POST https://cloudresourcemanager.googleapis.com/v1/projects/osool-6ff25:testIamPermissions [none]
[2025-12-26T19:19:54.879Z] >>> [apiv2][(partial)header] POST https://cloudresourcemanager.googleapis.com/v1/projects/osool-6ff25:testIamPermissions x-goog-quota-user=projects/osool-6ff25
[2025-12-26T19:19:54.880Z] >>> [apiv2][body] POST https://cloudresourcemanager.googleapis.com/v1/projects/osool-6ff25:testIamPermissions {"permissions":["cloudfunctions.functions.create","cloudfunctions.functions.delete","cloudfunctions.functions.get","cloudfunctions.functions.list","cloudfunctions.functions.update","cloudfunctions.operations.get","firebase.projects.get","firebasehosting.sites.update"]}
[2025-12-26T19:19:55.799Z] <<< [apiv2][status] POST https://cloudresourcemanager.googleapis.com/v1/projects/osool-6ff25:testIamPermissions 200
[2025-12-26T19:19:55.799Z] <<< [apiv2][body] POST https://cloudresourcemanager.googleapis.com/v1/projects/osool-6ff25:testIamPermissions {"permissions":["cloudfunctions.functions.create","cloudfunctions.functions.delete","cloudfunctions.functions.get","cloudfunctions.functions.list","cloudfunctions.functions.update","cloudfunctions.operations.get","firebase.projects.get","firebasehosting.sites.update"]}
[2025-12-26T19:19:55.800Z] Checked if tokens are valid: true, expires at: 1766780252127
[2025-12-26T19:19:55.801Z] Checked if tokens are valid: true, expires at: 1766780252127
[2025-12-26T19:19:55.801Z] >>> [apiv2][query] POST https://iam.googleapis.com/v1/projects/osool-6ff25/serviceAccounts/osool-6ff25@appspot.gserviceaccount.com:testIamPermissions [none]
[2025-12-26T19:19:55.801Z] >>> [apiv2][body] POST https://iam.googleapis.com/v1/projects/osool-6ff25/serviceAccounts/osool-6ff25@appspot.gserviceaccount.com:testIamPermissions {"permissions":["iam.serviceAccounts.actAs"]}
[2025-12-26T19:19:56.735Z] <<< [apiv2][status] POST https://iam.googleapis.com/v1/projects/osool-6ff25/serviceAccounts/osool-6ff25@appspot.gserviceaccount.com:testIamPermissions 200
[2025-12-26T19:19:56.735Z] <<< [apiv2][body] POST https://iam.googleapis.com/v1/projects/osool-6ff25/serviceAccounts/osool-6ff25@appspot.gserviceaccount.com:testIamPermissions {"permissions":["iam.serviceAccounts.actAs"]}
[2025-12-26T19:19:56.737Z] Checked if tokens are valid: true, expires at: 1766780252127
[2025-12-26T19:19:56.738Z] Checked if tokens are valid: true, expires at: 1766780252127
[2025-12-26T19:19:56.739Z] >>> [apiv2][query] GET https://firebase.googleapis.com/v1beta1/projects/osool-6ff25 [none]
[2025-12-26T19:19:57.308Z] <<< [apiv2][status] GET https://firebase.googleapis.com/v1beta1/projects/osool-6ff25 200
[2025-12-26T19:19:57.309Z] <<< [apiv2][body] GET https://firebase.googleapis.com/v1beta1/projects/osool-6ff25 {"projectId":"osool-6ff25","projectNumber":"995130987286","displayName":"Osool","name":"projects/osool-6ff25","resources":{"hostingSite":"osool-6ff25"},"state":"ACTIVE","etag":"1_80823b30-4185-451a-a8c9-aa23d8d869c8"}

=== Deploying to 'osool-6ff25'...

i  deploying functions, hosting 
[2025-12-26T19:19:57.323Z] Checked if tokens are valid: true, expires at: 1766780252127
[2025-12-26T19:19:57.323Z] Checked if tokens are valid: true, expires at: 1766780252127
[2025-12-26T19:19:57.324Z] >>> [apiv2][query] GET https://cloudresourcemanager.googleapis.com/v1/projects/osool-6ff25 [none]
[2025-12-26T19:19:57.585Z] <<< [apiv2][status] GET https://cloudresourcemanager.googleapis.com/v1/projects/osool-6ff25 200
[2025-12-26T19:19:57.586Z] <<< [apiv2][body] GET https://cloudresourcemanager.googleapis.com/v1/projects/osool-6ff25 {"projectNumber":"995130987286","projectId":"osool-6ff25","lifecycleState":"ACTIVE","name":"Osool","labels":{"firebase":"enabled","firebase-core":"disabled"},"createTime":"2025-12-26T18:41:46.032279Z"}
i  functions: preparing codebase default for deployment 
i  functions: ensuring required API cloudfunctions.googleapis.com is enabled... 
i  functions: ensuring required API cloudbuild.googleapis.com is enabled... 
[2025-12-26T19:19:57.594Z] Checked if tokens are valid: true, expires at: 1766780252127
[2025-12-26T19:19:57.594Z] Checked if tokens are valid: true, expires at: 1766780252127
i  artifactregistry: ensuring required API artifactregistry.googleapis.com is enabled... 
[2025-12-26T19:19:57.596Z] Checked if tokens are valid: true, expires at: 1766780252127
[2025-12-26T19:19:57.596Z] Checked if tokens are valid: true, expires at: 1766780252127
[2025-12-26T19:19:57.597Z] >>> [apiv2][query] GET https://serviceusage.googleapis.com/v1/projects/osool-6ff25/services/cloudbuild.googleapis.com [none]
[2025-12-26T19:19:57.597Z] >>> [apiv2][(partial)header] GET https://serviceusage.googleapis.com/v1/projects/osool-6ff25/services/cloudbuild.googleapis.com x-goog-quota-user=projects/osool-6ff25
[2025-12-26T19:19:57.601Z] >>> [apiv2][query] GET https://serviceusage.googleapis.com/v1/projects/osool-6ff25/services/artifactregistry.googleapis.com [none]
[2025-12-26T19:19:57.602Z] >>> [apiv2][(partial)header] GET https://serviceusage.googleapis.com/v1/projects/osool-6ff25/services/artifactregistry.googleapis.com x-goog-quota-user=projects/osool-6ff25
[2025-12-26T19:19:58.680Z] <<< [apiv2][status] GET https://serviceusage.googleapis.com/v1/projects/osool-6ff25/services/cloudbuild.googleapis.com 200
[2025-12-26T19:19:58.681Z] <<< [apiv2][body] GET https://serviceusage.googleapis.com/v1/projects/osool-6ff25/services/cloudbuild.googleapis.com [omitted]
!  functions: missing required API cloudbuild.googleapis.com. Enabling now... 
[2025-12-26T19:19:58.683Z] Checked if tokens are valid: true, expires at: 1766780252127
[2025-12-26T19:19:58.683Z] Checked if tokens are valid: true, expires at: 1766780252127
[2025-12-26T19:19:58.684Z] >>> [apiv2][query] POST https://serviceusage.googleapis.com/v1/projects/osool-6ff25/services/cloudbuild.googleapis.com:enable [none]
[2025-12-26T19:19:58.684Z] >>> [apiv2][(partial)header] POST https://serviceusage.googleapis.com/v1/projects/osool-6ff25/services/cloudbuild.googleapis.com:enable x-goog-quota-user=projects/osool-6ff25
[2025-12-26T19:19:58.709Z] <<< [apiv2][status] GET https://serviceusage.googleapis.com/v1/projects/osool-6ff25/services/artifactregistry.googleapis.com 200
[2025-12-26T19:19:58.710Z] <<< [apiv2][body] GET https://serviceusage.googleapis.com/v1/projects/osool-6ff25/services/artifactregistry.googleapis.com [omitted]
!  artifactregistry: missing required API artifactregistry.googleapis.com. Enabling now... 
[2025-12-26T19:19:58.712Z] Checked if tokens are valid: true, expires at: 1766780252127
[2025-12-26T19:19:58.712Z] Checked if tokens are valid: true, expires at: 1766780252127
[2025-12-26T19:19:58.713Z] >>> [apiv2][query] POST https://serviceusage.googleapis.com/v1/projects/osool-6ff25/services/artifactregistry.googleapis.com:enable [none]
[2025-12-26T19:19:58.713Z] >>> [apiv2][(partial)header] POST https://serviceusage.googleapis.com/v1/projects/osool-6ff25/services/artifactregistry.googleapis.com:enable x-goog-quota-user=projects/osool-6ff25
[2025-12-26T19:19:59.107Z] <<< [apiv2][status] POST https://serviceusage.googleapis.com/v1/projects/osool-6ff25/services/cloudbuild.googleapis.com:enable 400
[2025-12-26T19:19:59.108Z] <<< [apiv2][body] POST https://serviceusage.googleapis.com/v1/projects/osool-6ff25/services/cloudbuild.googleapis.com:enable [omitted]

Error: Your project osool-6ff25 must be on the Blaze (pay-as-you-go) plan to complete this command. Required API cloudbuild.googleapis.com can't be enabled until the upgrade is complete. To upgrade, visit the following URL:

https://console.firebase.google.com/project/osool-6ff25/usage/details
[2025-12-26T19:19:59.553Z] <<< [apiv2][status] POST https://serviceusage.googleapis.com/v1/projects/osool-6ff25/services/artifactregistry.googleapis.com:enable 400
[2025-12-26T19:19:59.553Z] <<< [apiv2][body] POST https://serviceusage.googleapis.com/v1/projects/osool-6ff25/services/artifactregistry.googleapis.com:enable [omitted]
